Determining if the pthread_create exist failed with the following output:
Change Dir: /home/killan/kuro_min/Kuro_ACM/kuro_Core/build_Linux/CMakeFiles/CMakeTmp

Run Build Command:/usr/bin/make "cmTryCompileExec1478643867/fast"
make[1]: Entering directory `/home/killan/kuro_min/Kuro_ACM/kuro_Core/build_Linux/CMakeFiles/CMakeTmp'
/usr/bin/make -f CMakeFiles/cmTryCompileExec1478643867.dir/build.make CMakeFiles/cmTryCompileExec1478643867.dir/build
make[2]: Entering directory `/home/killan/kuro_min/Kuro_ACM/kuro_Core/build_Linux/CMakeFiles/CMakeTmp'
/usr/bin/cmake -E cmake_progress_report /home/killan/kuro_min/Kuro_ACM/kuro_Core/build_Linux/CMakeFiles/CMakeTmp/CMakeFiles 1
Building C object CMakeFiles/cmTryCompileExec1478643867.dir/CheckSymbolExists.c.o
/usr/bin/cc    -o CMakeFiles/cmTryCompileExec1478643867.dir/CheckSymbolExists.c.o   -c /home/killan/kuro_min/Kuro_ACM/kuro_Core/build_Linux/CMakeFiles/CMakeTmp/CheckSymbolExists.c
Linking C executable cmTryCompileExec1478643867
/usr/bin/cmake -E cmake_link_script CMakeFiles/cmTryCompileExec1478643867.dir/link.txt --verbose=1
/usr/bin/cc       CMakeFiles/cmTryCompileExec1478643867.dir/CheckSymbolExists.c.o  -o cmTryCompileExec1478643867 -rdynamic 
CMakeFiles/cmTryCompileExec1478643867.dir/CheckSymbolExists.c.o: In function `main':
CheckSymbolExists.c:(.text+0x16): undefined reference to `pthread_create'
collect2: error: ld returned 1 exit status
make[2]: *** [cmTryCompileExec1478643867] Error 1
make[2]: Leaving directory `/home/killan/kuro_min/Kuro_ACM/kuro_Core/build_Linux/CMakeFiles/CMakeTmp'
make[1]: *** [cmTryCompileExec1478643867/fast] Error 2
make[1]: Leaving directory `/home/killan/kuro_min/Kuro_ACM/kuro_Core/build_Linux/CMakeFiles/CMakeTmp'

File /home/killan/kuro_min/Kuro_ACM/kuro_Core/build_Linux/CMakeFiles/CMakeTmp/CheckSymbolExists.c:
/* */
#include <pthread.h>

int main(int argc, char** argv)
{
  (void)argv;
#ifndef pthread_create
  return ((int*)(&pthread_create))[argc];
#else
  (void)argc;
  return 0;
#endif
}

Determining if the function pthread_create exists in the pthreads failed with the following output:
Change Dir: /home/killan/kuro_min/Kuro_ACM/kuro_Core/build_Linux/CMakeFiles/CMakeTmp

Run Build Command:/usr/bin/make "cmTryCompileExec97705380/fast"
make[1]: Entering directory `/home/killan/kuro_min/Kuro_ACM/kuro_Core/build_Linux/CMakeFiles/CMakeTmp'
/usr/bin/make -f CMakeFiles/cmTryCompileExec97705380.dir/build.make CMakeFiles/cmTryCompileExec97705380.dir/build
make[2]: Entering directory `/home/killan/kuro_min/Kuro_ACM/kuro_Core/build_Linux/CMakeFiles/CMakeTmp'
/usr/bin/cmake -E cmake_progress_report /home/killan/kuro_min/Kuro_ACM/kuro_Core/build_Linux/CMakeFiles/CMakeTmp/CMakeFiles 1
Building C object CMakeFiles/cmTryCompileExec97705380.dir/CheckFunctionExists.c.o
/usr/bin/cc   -DCHECK_FUNCTION_EXISTS=pthread_create   -o CMakeFiles/cmTryCompileExec97705380.dir/CheckFunctionExists.c.o   -c /usr/share/cmake-2.8/Modules/CheckFunctionExists.c
Linking C executable cmTryCompileExec97705380
/usr/bin/cmake -E cmake_link_script CMakeFiles/cmTryCompileExec97705380.dir/link.txt --verbose=1
/usr/bin/cc   -DCHECK_FUNCTION_EXISTS=pthread_create    CMakeFiles/cmTryCompileExec97705380.dir/CheckFunctionExists.c.o  -o cmTryCompileExec97705380 -rdynamic -lpthreads 
/usr/bin/ld: cannot find -lpthreads
collect2: error: ld returned 1 exit status
make[2]: *** [cmTryCompileExec97705380] Error 1
make[2]: Leaving directory `/home/killan/kuro_min/Kuro_ACM/kuro_Core/build_Linux/CMakeFiles/CMakeTmp'
make[1]: *** [cmTryCompileExec97705380/fast] Error 2
make[1]: Leaving directory `/home/killan/kuro_min/Kuro_ACM/kuro_Core/build_Linux/CMakeFiles/CMakeTmp'


