Determining if files pthread.h exist passed with the following output:
Change Dir: /home/killan/kuro_min/Kuro_ACM/kuro_Core/build_Linux/CMakeFiles/CMakeTmp

Run Build Command:/usr/bin/make "cmTryCompileExec1001735644/fast"
make[1]: Entering directory `/home/killan/kuro_min/Kuro_ACM/kuro_Core/build_Linux/CMakeFiles/CMakeTmp'
/usr/bin/make -f CMakeFiles/cmTryCompileExec1001735644.dir/build.make CMakeFiles/cmTryCompileExec1001735644.dir/build
make[2]: Entering directory `/home/killan/kuro_min/Kuro_ACM/kuro_Core/build_Linux/CMakeFiles/CMakeTmp'
/usr/bin/cmake -E cmake_progress_report /home/killan/kuro_min/Kuro_ACM/kuro_Core/build_Linux/CMakeFiles/CMakeTmp/CMakeFiles 1
Building C object CMakeFiles/cmTryCompileExec1001735644.dir/CheckIncludeFiles.c.o
/usr/bin/cc    -o CMakeFiles/cmTryCompileExec1001735644.dir/CheckIncludeFiles.c.o   -c /home/killan/kuro_min/Kuro_ACM/kuro_Core/build_Linux/CMakeFiles/CMakeTmp/CheckIncludeFiles.c
Linking C executable cmTryCompileExec1001735644
/usr/bin/cmake -E cmake_link_script CMakeFiles/cmTryCompileExec1001735644.dir/link.txt --verbose=1
/usr/bin/cc       CMakeFiles/cmTryCompileExec1001735644.dir/CheckIncludeFiles.c.o  -o cmTryCompileExec1001735644 -rdynamic 
make[2]: Leaving directory `/home/killan/kuro_min/Kuro_ACM/kuro_Core/build_Linux/CMakeFiles/CMakeTmp'
make[1]: Leaving directory `/home/killan/kuro_min/Kuro_ACM/kuro_Core/build_Linux/CMakeFiles/CMakeTmp'


Determining if the function pthread_create exists in the pthread passed with the following output:
Change Dir: /home/killan/kuro_min/Kuro_ACM/kuro_Core/build_Linux/CMakeFiles/CMakeTmp

Run Build Command:/usr/bin/make "cmTryCompileExec3498884056/fast"
make[1]: Entering directory `/home/killan/kuro_min/Kuro_ACM/kuro_Core/build_Linux/CMakeFiles/CMakeTmp'
/usr/bin/make -f CMakeFiles/cmTryCompileExec3498884056.dir/build.make CMakeFiles/cmTryCompileExec3498884056.dir/build
make[2]: Entering directory `/home/killan/kuro_min/Kuro_ACM/kuro_Core/build_Linux/CMakeFiles/CMakeTmp'
/usr/bin/cmake -E cmake_progress_report /home/killan/kuro_min/Kuro_ACM/kuro_Core/build_Linux/CMakeFiles/CMakeTmp/CMakeFiles 1
Building C object CMakeFiles/cmTryCompileExec3498884056.dir/CheckFunctionExists.c.o
/usr/bin/cc   -DCHECK_FUNCTION_EXISTS=pthread_create   -o CMakeFiles/cmTryCompileExec3498884056.dir/CheckFunctionExists.c.o   -c /usr/share/cmake-2.8/Modules/CheckFunctionExists.c
Linking C executable cmTryCompileExec3498884056
/usr/bin/cmake -E cmake_link_script CMakeFiles/cmTryCompileExec3498884056.dir/link.txt --verbose=1
/usr/bin/cc   -DCHECK_FUNCTION_EXISTS=pthread_create    CMakeFiles/cmTryCompileExec3498884056.dir/CheckFunctionExists.c.o  -o cmTryCompileExec3498884056 -rdynamic -lpthread 
make[2]: Leaving directory `/home/killan/kuro_min/Kuro_ACM/kuro_Core/build_Linux/CMakeFiles/CMakeTmp'
make[1]: Leaving directory `/home/killan/kuro_min/Kuro_ACM/kuro_Core/build_Linux/CMakeFiles/CMakeTmp'


